2018-04-03 10:14 werkzeug     INFO      * Restarting with stat
2018-04-03 10:14 werkzeug     WARNING   * Debugger is active!
2018-04-03 10:14 werkzeug     INFO      * Debugger PIN: 256-281-647
2018-04-03 10:14 werkzeug     INFO      * Running on http://0.0.0.0:5000/ (Press CTRL+C to quit)
2018-04-06 16:40 api_ai       WARNING  "No API.AI Developer Access Token set.\n                You will not be able to register or retrieve resources from API.AI"
2018-04-06 16:40 api_ai       WARNING  "No API.AI Client Access Token set. You will be able to query the agent"
2018-04-06 16:40 api_ai       WARNING  "No API.AI Developer Access Token set.\n                You will not be able to register or retrieve resources from API.AI"
2018-04-06 16:40 api_ai       WARNING  "No API.AI Client Access Token set. You will be able to query the agent"
2018-04-06 16:40 api_ai       WARNING  "No API.AI Developer Access Token set.\n                You will not be able to register or retrieve resources from API.AI"
2018-04-06 16:40 api_ai       WARNING  "No API.AI Client Access Token set. You will be able to query the agent"
2018-04-06 16:40 api_ai       WARNING  "No API.AI Developer Access Token set.\n                You will not be able to register or retrieve resources from API.AI"
2018-04-06 16:40 api_ai       WARNING  "No API.AI Client Access Token set. You will be able to query the agent"
2018-04-06 16:40 api_ai       WARNING  "No API.AI Developer Access Token set.\n                You will not be able to register or retrieve resources from API.AI"
2018-04-06 16:40 api_ai       WARNING  "No API.AI Client Access Token set. You will be able to query the agent"
2018-04-06 16:40 api_ai       WARNING  "No API.AI Developer Access Token set.\n                You will not be able to register or retrieve resources from API.AI"
2018-04-06 16:40 api_ai       WARNING  "No API.AI Client Access Token set. You will be able to query the agent"
2018-04-06 16:40 api_ai       WARNING  "No API.AI Developer Access Token set.\n                You will not be able to register or retrieve resources from API.AI"
2018-04-06 16:40 api_ai       WARNING  "No API.AI Client Access Token set. You will be able to query the agent"
2018-04-06 16:40 api_ai       WARNING  "No API.AI Developer Access Token set.\n                You will not be able to register or retrieve resources from API.AI"
2018-04-06 16:40 api_ai       WARNING  "No API.AI Client Access Token set. You will be able to query the agent"
2018-04-07 19:58 api_ai       WARNING  "No API.AI Developer Access Token set.\n                You will not be able to register or retrieve resources from API.AI"
2018-04-07 19:58 api_ai       WARNING  "No API.AI Client Access Token set. You will be able to query the agent"
2018-04-07 19:58 api_ai       WARNING  "No API.AI Developer Access Token set.\n                You will not be able to register or retrieve resources from API.AI"
2018-04-07 19:58 api_ai       WARNING  "No API.AI Client Access Token set. You will be able to query the agent"
2018-04-07 19:58 api_ai       WARNING  "No API.AI Developer Access Token set.\n                You will not be able to register or retrieve resources from API.AI"
2018-04-07 19:58 api_ai       WARNING  "No API.AI Client Access Token set. You will be able to query the agent"
2018-04-07 19:58 api_ai       WARNING  "No API.AI Developer Access Token set.\n                You will not be able to register or retrieve resources from API.AI"
2018-04-07 19:58 api_ai       WARNING  "No API.AI Client Access Token set. You will be able to query the agent"
2018-04-07 19:58 werkzeug     WARNING   * Debugger is active!
2018-04-07 19:58 werkzeug     INFO      * Debugger PIN: 256-281-647
2018-04-07 19:58 werkzeug     INFO      * Running on http://0.0.0.0:5000/ (Press CTRL+C to quit)
2018-04-07 20:15 api_ai       WARNING  "No API.AI Developer Access Token set.\n                You will not be able to register or retrieve resources from API.AI"
2018-04-07 20:15 api_ai       WARNING  "No API.AI Client Access Token set. You will be able to query the agent"
2018-04-07 20:15 api_ai       WARNING  "No API.AI Developer Access Token set.\n                You will not be able to register or retrieve resources from API.AI"
2018-04-07 20:15 api_ai       WARNING  "No API.AI Client Access Token set. You will be able to query the agent"
2018-04-07 20:15 api_ai       WARNING  "No API.AI Developer Access Token set.\n                You will not be able to register or retrieve resources from API.AI"
2018-04-07 20:15 api_ai       WARNING  "No API.AI Client Access Token set. You will be able to query the agent"
2018-04-07 20:15 api_ai       WARNING  "No API.AI Developer Access Token set.\n                You will not be able to register or retrieve resources from API.AI"
2018-04-07 20:15 api_ai       WARNING  "No API.AI Client Access Token set. You will be able to query the agent"
2018-04-07 20:16 werkzeug     WARNING   * Debugger is active!
2018-04-07 20:16 werkzeug     INFO      * Debugger PIN: 256-281-647
2018-04-07 20:16 werkzeug     INFO      * Running on http://0.0.0.0:5000/ (Press CTRL+C to quit)
2018-04-07 20:22 werkzeug     WARNING   * Debugger is active!
2018-04-07 20:22 werkzeug     INFO      * Debugger PIN: 256-281-647
2018-04-07 20:22 werkzeug     INFO      * Running on http://0.0.0.0:5000/ (Press CTRL+C to quit)
2018-04-07 20:26 werkzeug     WARNING   * Debugger is active!
2018-04-07 20:26 werkzeug     INFO      * Debugger PIN: 256-281-647
2018-04-07 20:26 werkzeug     INFO      * Running on http://0.0.0.0:5000/ (Press CTRL+C to quit)
2018-04-07 20:36 werkzeug     WARNING   * Debugger is active!
2018-04-07 20:36 werkzeug     INFO      * Debugger PIN: 256-281-647
2018-04-07 20:36 werkzeug     INFO      * Running on http://0.0.0.0:5000/ (Press CTRL+C to quit)
2018-04-07 20:37 werkzeug     WARNING   * Debugger is active!
2018-04-07 20:37 werkzeug     INFO      * Debugger PIN: 256-281-647
2018-04-07 20:37 werkzeug     INFO      * Running on http://0.0.0.0:5000/ (Press CTRL+C to quit)
2018-04-07 20:38 werkzeug     WARNING   * Debugger is active!
2018-04-07 20:38 werkzeug     INFO      * Debugger PIN: 256-281-647
2018-04-07 20:38 werkzeug     INFO      * Running on http://0.0.0.0:5000/ (Press CTRL+C to quit)
2018-04-07 20:39 werkzeug     WARNING   * Debugger is active!
2018-04-07 20:39 werkzeug     INFO      * Debugger PIN: 256-281-647
2018-04-07 20:39 werkzeug     INFO      * Running on http://0.0.0.0:5000/ (Press CTRL+C to quit)
2018-04-07 20:39 werkzeug     WARNING   * Debugger is active!
2018-04-07 20:39 werkzeug     INFO      * Debugger PIN: 256-281-647
2018-04-07 20:39 werkzeug     INFO      * Running on http://0.0.0.0:5000/ (Press CTRL+C to quit)
2018-04-07 20:41 werkzeug     WARNING   * Debugger is active!
2018-04-07 20:41 werkzeug     INFO      * Debugger PIN: 256-281-647
2018-04-07 20:41 werkzeug     INFO      * Running on http://0.0.0.0:5000/ (Press CTRL+C to quit)
2018-04-08 11:37 werkzeug     WARNING   * Debugger is active!
2018-04-08 11:37 werkzeug     INFO      * Debugger PIN: 256-281-647
2018-04-08 11:37 werkzeug     INFO      * Running on http://0.0.0.0:5000/ (Press CTRL+C to quit)
2018-04-08 11:38 werkzeug     WARNING   * Debugger is active!
2018-04-08 11:38 werkzeug     INFO      * Debugger PIN: 256-281-647
2018-04-08 11:38 werkzeug     INFO      * Running on http://0.0.0.0:5000/ (Press CTRL+C to quit)
2018-04-08 11:39 werkzeug     WARNING   * Debugger is active!
2018-04-08 11:39 werkzeug     INFO      * Debugger PIN: 256-281-647
2018-04-08 11:39 werkzeug     INFO      * Running on http://0.0.0.0:5000/ (Press CTRL+C to quit)
2018-04-08 11:40 werkzeug     WARNING   * Debugger is active!
2018-04-08 11:40 werkzeug     INFO      * Debugger PIN: 256-281-647
2018-04-08 11:40 werkzeug     INFO      * Running on http://0.0.0.0:5000/ (Press CTRL+C to quit)
2018-04-08 11:41 werkzeug     WARNING   * Debugger is active!
2018-04-08 11:41 werkzeug     INFO      * Debugger PIN: 256-281-647
2018-04-08 11:41 werkzeug     INFO      * Running on http://0.0.0.0:5000/ (Press CTRL+C to quit)
2018-04-08 11:42 werkzeug     WARNING   * Debugger is active!
2018-04-08 11:42 werkzeug     INFO      * Debugger PIN: 256-281-647
2018-04-08 11:42 werkzeug     INFO      * Running on http://0.0.0.0:5000/ (Press CTRL+C to quit)
2018-04-08 12:17 werkzeug     WARNING   * Debugger is active!
2018-04-08 12:17 werkzeug     INFO      * Debugger PIN: 256-281-647
2018-04-08 12:17 werkzeug     INFO      * Running on http://0.0.0.0:5000/ (Press CTRL+C to quit)
2018-04-08 12:43 werkzeug     INFO      * Detected change in 'C:\\Users\\644017\\PROJECTS\\DialogFlowBackend\\DataBase\\dbData.py', reloading
2018-04-08 12:44 root         INFO     Rebuilding DataBase...
2018-04-08 12:44 root         INFO     Filling the DataBase...
2018-04-08 12:44 werkzeug     WARNING   * Debugger is active!
2018-04-08 12:44 werkzeug     INFO      * Debugger PIN: 256-281-647
2018-04-08 12:44 werkzeug     INFO      * Running on http://0.0.0.0:5000/ (Press CTRL+C to quit)
2018-04-08 13:47 werkzeug     INFO      * Detected change in 'C:\\Users\\644017\\PROJECTS\\DialogFlowBackend\\Application\\settings.py', reloading
2018-04-08 13:47 root         INFO     Rebuilding DataBase...
2018-04-08 13:47 root         INFO     Filling the DataBase...
2018-04-08 13:47 werkzeug     WARNING   * Debugger is active!
2018-04-08 13:47 werkzeug     INFO      * Debugger PIN: 256-281-647
2018-04-08 13:47 werkzeug     INFO      * Running on http://0.0.0.0:5000/ (Press CTRL+C to quit)
2018-04-08 13:53 root         INFO     Rebuilding DataBase...
2018-04-08 13:53 root         INFO     Filling the DataBase...
2018-04-08 13:53 werkzeug     WARNING   * Debugger is active!
2018-04-08 13:53 werkzeug     INFO      * Debugger PIN: 256-281-647
2018-04-08 13:53 werkzeug     INFO      * Running on http://0.0.0.0:5000/ (Press CTRL+C to quit)
2018-04-08 13:55 root         INFO     Rebuilding DataBase...
2018-04-08 13:55 root         INFO     Filling the DataBase...
2018-04-08 13:55 werkzeug     WARNING   * Debugger is active!
2018-04-08 13:55 werkzeug     INFO      * Debugger PIN: 256-281-647
2018-04-08 13:55 werkzeug     INFO      * Running on http://0.0.0.0:5000/ (Press CTRL+C to quit)
2018-04-09 10:01 root         INFO     Rebuilding DataBase...
2018-04-09 10:01 root         INFO     Filling the DataBase...
2018-04-09 10:01 werkzeug     WARNING   * Debugger is active!
2018-04-09 10:01 werkzeug     INFO      * Debugger PIN: 256-281-647
2018-04-09 10:01 werkzeug     INFO      * Running on http://0.0.0.0:5000/ (Press CTRL+C to quit)
2018-04-09 10:06 root         INFO     Rebuilding DataBase...
2018-04-09 10:06 root         INFO     Filling the DataBase...
2018-04-09 10:06 werkzeug     WARNING   * Debugger is active!
2018-04-09 10:06 werkzeug     INFO      * Debugger PIN: 256-281-647
2018-04-09 10:06 werkzeug     INFO      * Running on http://0.0.0.0:5000/ (Press CTRL+C to quit)
2018-04-09 10:17 werkzeug     INFO      * Detected change in 'C:\\Users\\644017\\PROJECTS\\DialogFlowBackend\\DataBase\\dbData.py', reloading
2018-04-09 10:18 root         INFO     Rebuilding DataBase...
2018-04-09 10:18 root         INFO     Filling the DataBase...
2018-04-09 12:44 root         INFO     Rebuilding DataBase...
2018-04-09 12:44 root         INFO     Filling the DataBase...
2018-04-09 12:44 werkzeug     WARNING   * Debugger is active!
2018-04-09 12:44 werkzeug     INFO      * Debugger PIN: 256-281-647
2018-04-09 12:44 werkzeug     INFO      * Running on http://0.0.0.0:5000/ (Press CTRL+C to quit)
2018-04-09 12:47 werkzeug     INFO      * Detected change in 'C:\\Users\\644017\\PROJECTS\\DialogFlowBackend\\DataBase\\DataModels\\smartPhone.py', reloading
2018-04-09 12:47 root         INFO     Rebuilding DataBase...
2018-04-09 12:47 root         INFO     Filling the DataBase...
2018-04-09 12:47 werkzeug     WARNING   * Debugger is active!
2018-04-09 12:47 werkzeug     INFO      * Debugger PIN: 256-281-647
2018-04-09 12:47 werkzeug     INFO      * Running on http://0.0.0.0:5000/ (Press CTRL+C to quit)
2018-04-09 12:48 werkzeug     INFO      * Detected change in 'C:\\Users\\644017\\PROJECTS\\DialogFlowBackend\\DataBase\\dbData.py', reloading
2018-04-09 12:48 root         INFO     Rebuilding DataBase...
2018-04-09 12:48 root         INFO     Filling the DataBase...
2018-04-09 12:48 werkzeug     WARNING   * Debugger is active!
2018-04-09 12:48 werkzeug     INFO      * Debugger PIN: 256-281-647
2018-04-09 12:48 werkzeug     INFO      * Running on http://0.0.0.0:5000/ (Press CTRL+C to quit)
2018-04-09 12:50 werkzeug     INFO      * Detected change in 'C:\\Users\\644017\\PROJECTS\\DialogFlowBackend\\DataBase\\dbData.py', reloading
2018-04-09 12:50 root         INFO     Rebuilding DataBase...
2018-04-09 12:50 root         INFO     Filling the DataBase...
2018-04-09 12:50 werkzeug     WARNING   * Debugger is active!
2018-04-09 12:50 werkzeug     INFO      * Debugger PIN: 256-281-647
2018-04-09 12:50 werkzeug     INFO      * Running on http://0.0.0.0:5000/ (Press CTRL+C to quit)
2018-04-09 12:51 werkzeug     INFO      * Detected change in 'C:\\Users\\644017\\PROJECTS\\DialogFlowBackend\\DataBase\\dbData.py', reloading
2018-04-09 12:51 root         INFO     Rebuilding DataBase...
2018-04-09 12:51 root         INFO     Filling the DataBase...
2018-04-09 12:51 werkzeug     WARNING   * Debugger is active!
2018-04-09 12:51 werkzeug     INFO      * Debugger PIN: 256-281-647
2018-04-09 12:51 werkzeug     INFO      * Running on http://0.0.0.0:5000/ (Press CTRL+C to quit)
2018-04-09 12:51 werkzeug     INFO      * Detected change in 'C:\\Users\\644017\\PROJECTS\\DialogFlowBackend\\DataBase\\dbData.py', reloading
2018-04-09 12:51 root         INFO     Rebuilding DataBase...
2018-04-09 12:51 root         INFO     Filling the DataBase...
2018-04-09 12:52 werkzeug     WARNING   * Debugger is active!
2018-04-09 12:52 werkzeug     INFO      * Debugger PIN: 256-281-647
2018-04-09 12:52 werkzeug     INFO      * Running on http://0.0.0.0:5000/ (Press CTRL+C to quit)
2018-04-09 12:52 werkzeug     INFO      * Detected change in 'C:\\Users\\644017\\PROJECTS\\DialogFlowBackend\\DataBase\\dbData.py', reloading
2018-04-09 12:52 root         INFO     Rebuilding DataBase...
2018-04-09 12:52 root         INFO     Filling the DataBase...
2018-04-09 12:52 werkzeug     WARNING   * Debugger is active!
2018-04-09 12:52 werkzeug     INFO      * Debugger PIN: 256-281-647
2018-04-09 12:52 werkzeug     INFO      * Running on http://0.0.0.0:5000/ (Press CTRL+C to quit)
2018-04-09 12:52 werkzeug     INFO      * Detected change in 'C:\\Users\\644017\\PROJECTS\\DialogFlowBackend\\DataBase\\dbData.py', reloading
2018-04-09 12:53 root         INFO     Rebuilding DataBase...
2018-04-09 12:53 root         INFO     Filling the DataBase...
2018-04-09 12:53 werkzeug     WARNING   * Debugger is active!
2018-04-09 12:53 werkzeug     INFO      * Debugger PIN: 256-281-647
2018-04-09 12:53 werkzeug     INFO      * Running on http://0.0.0.0:5000/ (Press CTRL+C to quit)
2018-04-09 12:53 werkzeug     INFO      * Detected change in 'C:\\Users\\644017\\PROJECTS\\DialogFlowBackend\\DataBase\\dbData.py', reloading
2018-04-09 12:53 root         INFO     Rebuilding DataBase...
2018-04-09 12:53 root         INFO     Filling the DataBase...
2018-04-09 12:53 werkzeug     WARNING   * Debugger is active!
2018-04-09 12:53 werkzeug     INFO      * Debugger PIN: 256-281-647
2018-04-09 12:53 werkzeug     INFO      * Running on http://0.0.0.0:5000/ (Press CTRL+C to quit)
2018-04-09 12:54 werkzeug     INFO      * Detected change in 'C:\\Users\\644017\\PROJECTS\\DialogFlowBackend\\DataBase\\dbData.py', reloading
2018-04-09 12:54 root         INFO     Rebuilding DataBase...
2018-04-09 12:54 root         INFO     Filling the DataBase...
2018-04-09 12:54 werkzeug     WARNING   * Debugger is active!
2018-04-09 12:54 werkzeug     INFO      * Debugger PIN: 256-281-647
2018-04-09 12:54 werkzeug     INFO      * Running on http://0.0.0.0:5000/ (Press CTRL+C to quit)
2018-04-09 12:54 werkzeug     INFO      * Detected change in 'C:\\Users\\644017\\PROJECTS\\DialogFlowBackend\\DataBase\\dbData.py', reloading
2018-04-09 12:54 root         INFO     Rebuilding DataBase...
2018-04-09 12:54 root         INFO     Filling the DataBase...
2018-04-09 12:54 werkzeug     WARNING   * Debugger is active!
2018-04-09 12:54 werkzeug     INFO      * Debugger PIN: 256-281-647
2018-04-09 12:54 werkzeug     INFO      * Running on http://0.0.0.0:5000/ (Press CTRL+C to quit)
2018-04-09 13:09 root         INFO     Rebuilding DataBase...
2018-04-09 13:09 root         INFO     Filling the DataBase...
2018-04-09 13:09 werkzeug     WARNING   * Debugger is active!
2018-04-09 13:09 werkzeug     INFO      * Debugger PIN: 256-281-647
2018-04-09 13:09 werkzeug     INFO      * Running on http://0.0.0.0:5000/ (Press CTRL+C to quit)
2018-04-09 13:12 werkzeug     INFO      * Detected change in 'C:\\Users\\644017\\PROJECTS\\DialogFlowBackend\\env\\lib\\site-packages\\api_ai\\cli.py', reloading
2018-04-09 13:12 root         INFO     Rebuilding DataBase...
2018-04-09 13:12 root         INFO     Filling the DataBase...
2018-04-09 13:12 werkzeug     WARNING   * Debugger is active!
2018-04-09 13:12 werkzeug     INFO      * Debugger PIN: 256-281-647
2018-04-09 13:12 werkzeug     INFO      * Running on http://0.0.0.0:5000/ (Press CTRL+C to quit)
2018-04-09 15:20 root         INFO     Rebuilding DataBase...
2018-04-09 15:20 root         INFO     Filling the DataBase...
2018-04-09 15:20 werkzeug     WARNING   * Debugger is active!
2018-04-09 15:20 werkzeug     INFO      * Debugger PIN: 256-281-647
2018-04-09 15:20 werkzeug     INFO      * Running on http://0.0.0.0:5000/ (Press CTRL+C to quit)
2018-04-09 15:22 werkzeug     INFO      * Detected change in 'C:\\Users\\644017\\PROJECTS\\DialogFlowBackend\\DataBase\\DataModels\\smartPhone.py', reloading
2018-04-09 15:22 root         INFO     Rebuilding DataBase...
2018-04-09 15:22 root         INFO     Filling the DataBase...
2018-04-09 15:22 werkzeug     WARNING   * Debugger is active!
2018-04-09 15:22 werkzeug     INFO      * Debugger PIN: 256-281-647
2018-04-09 15:22 werkzeug     INFO      * Running on http://0.0.0.0:5000/ (Press CTRL+C to quit)
2018-04-09 15:25 root         INFO     Rebuilding DataBase...
2018-04-09 15:25 root         INFO     Filling the DataBase...
2018-04-09 15:25 werkzeug     WARNING   * Debugger is active!
2018-04-09 15:25 werkzeug     INFO      * Debugger PIN: 256-281-647
2018-04-09 15:25 werkzeug     INFO      * Running on http://0.0.0.0:5000/ (Press CTRL+C to quit)
2018-04-09 15:26 root         INFO     Rebuilding DataBase...
2018-04-09 15:26 root         INFO     Filling the DataBase...
2018-04-09 15:26 werkzeug     WARNING   * Debugger is active!
2018-04-09 15:26 werkzeug     INFO      * Debugger PIN: 256-281-647
2018-04-09 15:26 werkzeug     INFO      * Running on http://0.0.0.0:5000/ (Press CTRL+C to quit)
2018-04-09 15:28 root         INFO     Rebuilding DataBase...
2018-04-09 15:28 root         INFO     Filling the DataBase...
2018-04-09 15:28 werkzeug     WARNING   * Debugger is active!
2018-04-09 15:28 werkzeug     INFO      * Debugger PIN: 256-281-647
2018-04-09 15:28 werkzeug     INFO      * Running on http://0.0.0.0:5000/ (Press CTRL+C to quit)
2018-04-09 15:29 root         INFO     Rebuilding DataBase...
2018-04-09 15:29 root         INFO     Filling the DataBase...
2018-04-09 15:29 werkzeug     WARNING   * Debugger is active!
2018-04-09 15:29 werkzeug     INFO      * Debugger PIN: 256-281-647
2018-04-09 15:29 werkzeug     INFO      * Running on http://0.0.0.0:5000/ (Press CTRL+C to quit)
2018-04-09 15:32 root         INFO     Rebuilding DataBase...
2018-04-09 15:32 root         INFO     Filling the DataBase...
2018-04-09 15:32 werkzeug     WARNING   * Debugger is active!
2018-04-09 15:32 werkzeug     INFO      * Debugger PIN: 256-281-647
2018-04-09 15:32 werkzeug     INFO      * Running on http://0.0.0.0:5000/ (Press CTRL+C to quit)
2018-04-09 15:34 root         INFO     Rebuilding DataBase...
2018-04-09 15:34 root         INFO     Filling the DataBase...
2018-04-09 15:34 werkzeug     WARNING   * Debugger is active!
2018-04-09 15:34 werkzeug     INFO      * Debugger PIN: 256-281-647
2018-04-09 15:34 werkzeug     INFO      * Running on http://0.0.0.0:5000/ (Press CTRL+C to quit)
2018-04-09 15:41 root         INFO     Rebuilding DataBase...
2018-04-09 15:41 root         INFO     Filling the DataBase...
2018-04-09 15:41 werkzeug     WARNING   * Debugger is active!
2018-04-09 15:41 werkzeug     INFO      * Debugger PIN: 256-281-647
2018-04-09 15:41 werkzeug     INFO      * Running on http://0.0.0.0:5000/ (Press CTRL+C to quit)
2018-04-09 15:44 root         INFO     Rebuilding DataBase...
2018-04-09 15:44 root         INFO     Filling the DataBase...
2018-04-09 15:44 werkzeug     WARNING   * Debugger is active!
2018-04-09 15:44 werkzeug     INFO      * Debugger PIN: 256-281-647
2018-04-09 15:44 werkzeug     INFO      * Running on http://0.0.0.0:5000/ (Press CTRL+C to quit)
2018-04-09 17:49 root         INFO     Rebuilding DataBase...
2018-04-09 17:49 root         INFO     Filling the DataBase...
2018-04-09 18:00 root         INFO     Rebuilding DataBase...
2018-04-09 18:00 root         INFO     Filling the DataBase...
2018-04-09 18:00 werkzeug     WARNING   * Debugger is active!
2018-04-09 18:00 werkzeug     INFO      * Debugger PIN: 256-281-647
2018-04-09 18:00 werkzeug     INFO      * Running on http://0.0.0.0:5000/ (Press CTRL+C to quit)
2018-04-10 01:02 root         INFO     Rebuilding DataBase...
2018-04-10 01:02 root         INFO     Filling the DataBase...
2018-04-10 01:02 werkzeug     WARNING   * Debugger is active!
2018-04-10 01:02 werkzeug     INFO      * Debugger PIN: 256-281-647
2018-04-10 01:02 werkzeug     INFO      * Running on http://0.0.0.0:5000/ (Press CTRL+C to quit)
2018-04-10 01:03 werkzeug     INFO      * Detected change in 'C:\\Users\\644017\\PROJECTS\\DialogFlowBackend\\DialogFlow\\dialogFlowWrapper.py', reloading
2018-04-10 01:03 root         INFO     Rebuilding DataBase...
2018-04-10 01:03 root         INFO     Filling the DataBase...
2018-04-10 01:03 werkzeug     WARNING   * Debugger is active!
2018-04-10 01:03 werkzeug     INFO      * Debugger PIN: 256-281-647
2018-04-10 01:03 werkzeug     INFO      * Running on http://0.0.0.0:5000/ (Press CTRL+C to quit)
2018-04-10 01:04 werkzeug     INFO      * Detected change in 'C:\\Users\\644017\\PROJECTS\\DialogFlowBackend\\DialogFlow\\dialogFlowWrapper.py', reloading
2018-04-10 01:04 root         INFO     Rebuilding DataBase...
2018-04-10 01:04 root         INFO     Filling the DataBase...
2018-04-10 01:04 werkzeug     WARNING   * Debugger is active!
2018-04-10 01:04 werkzeug     INFO      * Debugger PIN: 256-281-647
2018-04-10 01:04 werkzeug     INFO      * Running on http://0.0.0.0:5000/ (Press CTRL+C to quit)
2018-04-10 01:15 root         INFO     Rebuilding DataBase...
2018-04-10 01:15 root         INFO     Filling the DataBase...
2018-04-10 01:15 werkzeug     WARNING   * Debugger is active!
2018-04-10 01:15 werkzeug     INFO      * Debugger PIN: 256-281-647
2018-04-10 01:15 werkzeug     INFO      * Running on http://0.0.0.0:5000/ (Press CTRL+C to quit)
2018-04-10 01:21 root         INFO     Rebuilding DataBase...
2018-04-10 01:21 root         INFO     Filling the DataBase...
2018-04-10 01:21 werkzeug     WARNING   * Debugger is active!
2018-04-10 01:21 werkzeug     INFO      * Debugger PIN: 256-281-647
2018-04-10 01:21 werkzeug     INFO      * Running on http://0.0.0.0:5000/ (Press CTRL+C to quit)
2018-04-10 01:30 root         INFO     Rebuilding DataBase...
2018-04-10 01:30 root         INFO     Filling the DataBase...
2018-04-10 01:30 werkzeug     WARNING   * Debugger is active!
2018-04-10 01:30 werkzeug     INFO      * Debugger PIN: 256-281-647
2018-04-10 01:30 werkzeug     INFO      * Running on http://0.0.0.0:5000/ (Press CTRL+C to quit)
2018-04-10 09:44 root         INFO     Rebuilding DataBase...
2018-04-10 09:44 root         INFO     Filling the DataBase...
2018-04-10 09:44 werkzeug     WARNING   * Debugger is active!
2018-04-10 09:44 werkzeug     INFO      * Debugger PIN: 256-281-647
2018-04-10 09:44 werkzeug     INFO      * Running on http://0.0.0.0:5000/ (Press CTRL+C to quit)
2018-04-10 09:51 root         INFO     Rebuilding DataBase...
2018-04-10 09:51 root         INFO     Filling the DataBase...
2018-04-10 09:51 werkzeug     WARNING   * Debugger is active!
2018-04-10 09:51 werkzeug     INFO      * Debugger PIN: 256-281-647
2018-04-10 09:51 werkzeug     INFO      * Running on http://0.0.0.0:5000/ (Press CTRL+C to quit)
2018-04-10 09:52 root         INFO     Rebuilding DataBase...
2018-04-10 09:52 root         INFO     Filling the DataBase...
2018-04-10 09:52 werkzeug     WARNING   * Debugger is active!
2018-04-10 09:52 werkzeug     INFO      * Debugger PIN: 256-281-647
2018-04-10 09:52 werkzeug     INFO      * Running on http://0.0.0.0:5000/ (Press CTRL+C to quit)
2018-04-10 09:53 root         INFO     Rebuilding DataBase...
2018-04-10 09:53 root         INFO     Filling the DataBase...
2018-04-10 09:53 werkzeug     WARNING   * Debugger is active!
2018-04-10 09:53 werkzeug     INFO      * Debugger PIN: 256-281-647
2018-04-10 09:53 werkzeug     INFO      * Running on http://0.0.0.0:5000/ (Press CTRL+C to quit)
2018-04-10 10:01 root         INFO     Rebuilding DataBase...
2018-04-10 10:01 root         INFO     Filling the DataBase...
2018-04-10 10:01 werkzeug     WARNING   * Debugger is active!
2018-04-10 10:01 werkzeug     INFO      * Debugger PIN: 256-281-647
2018-04-10 10:01 werkzeug     INFO      * Running on http://0.0.0.0:5000/ (Press CTRL+C to quit)
2018-04-10 11:42 root         INFO     Rebuilding DataBase...
2018-04-10 11:42 root         INFO     Filling the DataBase...
2018-04-10 11:42 werkzeug     WARNING   * Debugger is active!
2018-04-10 11:42 werkzeug     INFO      * Debugger PIN: 256-281-647
2018-04-10 11:42 werkzeug     INFO      * Running on http://0.0.0.0:5000/ (Press CTRL+C to quit)
